0 info it worked if it ends with ok
1 verbose cli [ '/usr/local/bin/node', '/usr/local/bin/npm', 'publish', '.' ]
2 info using npm@1.4.28
3 info using node@v0.10.33
4 verbose publish [ '.' ]
5 verbose cache add [ '.', null ]
6 verbose cache add name=undefined spec="." args=[".",null]
7 verbose parsed url { protocol: null,
7 verbose parsed url   slashes: null,
7 verbose parsed url   auth: null,
7 verbose parsed url   host: null,
7 verbose parsed url   port: null,
7 verbose parsed url   hostname: null,
7 verbose parsed url   hash: null,
7 verbose parsed url   search: null,
7 verbose parsed url   query: null,
7 verbose parsed url   pathname: '.',
7 verbose parsed url   path: '.',
7 verbose parsed url   href: '.' }
8 silly lockFile 3a52ce78- .
9 verbose lock . /Users/DiegoZoracKy/.npm/3a52ce78-.lock
10 verbose tar pack [ '/Users/DiegoZoracKy/.npm/data-query/0.0.1/package.tgz', '.' ]
11 verbose tarball /Users/DiegoZoracKy/.npm/data-query/0.0.1/package.tgz
12 verbose folder .
13 info prepublish data-query@0.0.1
14 silly lockFile 1f1177db-tar tar://.
15 verbose lock tar://. /Users/DiegoZoracKy/.npm/1f1177db-tar.lock
16 silly lockFile 0f27c3fd-npm-data-query-0-0-1-package-tgz tar:///Users/DiegoZoracKy/.npm/data-query/0.0.1/package.tgz
17 verbose lock tar:///Users/DiegoZoracKy/.npm/data-query/0.0.1/package.tgz /Users/DiegoZoracKy/.npm/0f27c3fd-npm-data-query-0-0-1-package-tgz.lock
18 silly lockFile 1f1177db-tar tar://.
19 silly lockFile 1f1177db-tar tar://.
20 silly lockFile 0f27c3fd-npm-data-query-0-0-1-package-tgz tar:///Users/DiegoZoracKy/.npm/data-query/0.0.1/package.tgz
21 silly lockFile 0f27c3fd-npm-data-query-0-0-1-package-tgz tar:///Users/DiegoZoracKy/.npm/data-query/0.0.1/package.tgz
22 silly lockFile d7750998-cKy-npm-data-query-0-0-1-package /Users/DiegoZoracKy/.npm/data-query/0.0.1/package
23 verbose lock /Users/DiegoZoracKy/.npm/data-query/0.0.1/package /Users/DiegoZoracKy/.npm/d7750998-cKy-npm-data-query-0-0-1-package.lock
24 silly lockFile d7750998-cKy-npm-data-query-0-0-1-package /Users/DiegoZoracKy/.npm/data-query/0.0.1/package
25 silly lockFile d7750998-cKy-npm-data-query-0-0-1-package /Users/DiegoZoracKy/.npm/data-query/0.0.1/package
26 silly lockFile 3a52ce78- .
27 silly lockFile 3a52ce78- .
28 silly publish { name: 'data-query',
28 silly publish   version: '0.0.1',
28 silly publish   description: 'Query|Filter a specific Array or Object Literal (\'JSON\')',
28 silly publish   homepage: 'https://github.com/DiegoZoracKy/data-query',
28 silly publish   main: './lib/data-query.js',
28 silly publish   author:
28 silly publish    { name: 'Diego ZoracKy',
28 silly publish      email: 'diego.zoracky@gmail.com',
28 silly publish      url: 'diegozoracky.com' },
28 silly publish   licenses: { type: 'MIT', url: 'http://www.opensource.org/licenses/MIT' },
28 silly publish   private: true,
28 silly publish   directories: {},
28 silly publish   repository:
28 silly publish    { type: 'git',
28 silly publish      url: 'git://github.com/DiegoZoracKy/data-query.git' },
28 silly publish   bugs: { url: 'https://github.com/DiegoZoracKy/data-query/issues' },
28 silly publish   readme: '# dataQuery\n\nQuery|Filter a specific Array or Object Literal (\'JSON\').\n\n## Usage / Examples\n\n```javascript\nvar objToBeQueried = [\n    {\n        id: 1,\n        deep: {\n            obj: {\n                veryDeep: [\n                    \'z\',\n                    \'k\'\n                ]\n            }\n        },\n        twoWithTheSameValue: \'zk\'\n    },\n    {\n        id: 2,\n        deep: {\n            obj: {\n                veryDeep: \'zk\'\n            }\n        }\n    },\n    {\n        id: 3,\n        deep: {\n            obj: {\n                veryDeep: \'kz\'\n            }\n        },\n        twoWithTheSameValue: \'zk\'\n    }\n  ];\n```\nSearching with a clause which only one object will match:\n```javascript\n      dataQuery(objToBeQueried, {id: 1} );\n```\nThe result will be:\n```javascript\n      {id: 1, ...}\n```\nSearching with a clause which more than one object will match\n```javascript\n      dataQuery(objToBeQueried,  {twoWithTheSameValue: \'zk\'} );\n```\nWill return the objects\n```javascript\n      {id: 1, ...} and {id: 3, ...}\n```\nSearching with more than one clause\n```javascript\n      dataQuery(objToBeQueried,  {twoWithTheSameValue: \'zk\', id: 3} );\n```\nThe result will be just the object:\n```javascript\n      [{id: 3, ...}]\n```\n  Searching for a value deep down in the object structure\n```javascript\n      dataQuery(objToBeQueried,  {\n        deep: {\n            obj: {\n                veryDeep: \'zk\'\n            }\n        }\n      });\n```\nresult:\n```javascript\n      [{id: 2 ...}]\n```\n  Searching for multiple values for the same property\n```javascript\n      dataQuery(objToBeQueried, { id: [ 1 , 2 ] });\n```\nresult:\n```javascript\n      [{id: 1 ...}, {id: 2 ...}]\n```\nSearching for multiple values deep down in the object structure\n```javascript\n      dataQuery(objToBeQueried, {\n       deep: {\n           obj: {\n               veryDeep: [\'zk\', \'kz\']\n           }\n       }\n      });\n```\nresult:\n```javascript\n      [{id: 2 ...}, {id: 3 ...}]\n```\n\n',
28 silly publish   readmeFilename: 'README.md',
28 silly publish   gitHead: '28416077e64b614cd4340db8e736a2f385fb3265',
28 silly publish   _id: 'data-query@0.0.1',
28 silly publish   scripts: {},
28 silly publish   _shasum: 'c288061dc3e31176687c0348af03289b032e685f',
28 silly publish   _from: '.' }
29 error Error: This package has been marked as private
29 error Remove the 'private' field from the package.json to publish it.
29 error     at publish_ (/usr/local/lib/node_modules/npm/lib/publish.js:91:31)
29 error     at Array.1 (/usr/local/lib/node_modules/npm/node_modules/slide/lib/bind-actor.js:15:8)
29 error     at LOOP (/usr/local/lib/node_modules/npm/node_modules/slide/lib/chain.js:15:14)
29 error     at LOOP (/usr/local/lib/node_modules/npm/node_modules/slide/lib/chain.js:14:28)
29 error     at chain (/usr/local/lib/node_modules/npm/node_modules/slide/lib/chain.js:20:5)
29 error     at /usr/local/lib/node_modules/npm/lib/publish.js:57:5
29 error     at /usr/local/lib/node_modules/npm/node_modules/inflight/inflight.js:22:7
29 error     at Array.forEach (native)
29 error     at res (/usr/local/lib/node_modules/npm/node_modules/inflight/inflight.js:21:9)
29 error     at f (/usr/local/lib/node_modules/npm/node_modules/once/once.js:16:25)
30 error If you need help, you may report this *entire* log,
30 error including the npm and node versions, at:
30 error     <http://github.com/npm/npm/issues>
31 error System Darwin 13.3.0
32 error command "/usr/local/bin/node" "/usr/local/bin/npm" "publish" "."
33 error cwd /Users/DiegoZoracKy/Sites/lab/js/data-query
34 error node -v v0.10.33
35 error npm -v 1.4.28
36 verbose exit [ 1, true ]
